<?xml version="1.0" encoding="UTF-8"?>
<testsuite name="org.example.SomeClassTest" tests="1" skipped="0" failures="0" errors="0" timestamp="2020-08-12T17:14:18" hostname="DESKTOP-MO3TN54" time="0.003">
  <properties/>
  <testcase name="testSum" classname="org.example.SomeClassTest" time="0.003"/>
  <system-out><![CDATA[]]></system-out>
  <system-err><![CDATA[]]></system-err>
</testsuite>
